                  50
                   0        0.1163471037
                   1        0.1152459882
                   2        0.1184859267
                   3        0.1105471205
                   4        0.1192339731
                   5        0.1150821285
                   6        0.1126603353
                   7        0.1123608423
                   8        0.1103505447
                   9        0.1184382534
                  10        0.1122245237
                  11        0.1136544749
                  12        0.1170671607
                  13        0.1175870908
                  14        0.1154555266
                  15        0.1127463750
                  16        0.1129163857
                  17        0.1143338228
                  18        0.1168917342
                  19        0.1124220657
                  20        0.1149518792
                  21        0.1176939342
                  22        0.1149020613
                  23        0.1150327643
                  24        0.1105785850
                  25        0.1126611893
                  26        0.1126156697
                  27        0.1161630493
                  28        0.1155864109
                  29        0.1155818632
                  30        0.1148245996
                  31        0.1144524439
                  32        0.1173074152
                  33        0.1135822310
                  34        0.1206374218
                  35        0.1148359514
                  36        0.1176582793
                  37        0.1159295801
                  38        0.1157119128
                  39        0.1124530860
                  40        0.1126759271
                  41        0.1167003399
                  42        0.1134481267
                  43        0.1160912998
                  44        0.1139919420
                  45        0.1183461917
                  46        0.1139892269
                  47        0.1160919762
                  48        0.1114136799
                  49        0.1128339678
