                  50
                   0       -1.3312881236
                   1       -1.3212995547
                   2       -1.3020516182
                   3       -1.2929914162
                   4       -1.3362159481
                   5       -1.3212198966
                   6       -1.3171796809
                   7       -1.3288823655
                   8       -1.3076687976
                   9       -1.3462143368
                  10       -1.3088915880
                  11       -1.3226921091
                  12       -1.3385841176
                  13       -1.3187877155
                  14       -1.3176730829
                  15       -1.3295660604
                  16       -1.2838416930
                  17       -1.2993038686
                  18       -1.3032315369
                  19       -1.2992335152
                  20       -1.2857521019
                  21       -1.3137132506
                  22       -1.3060846786
                  23       -1.3225183878
                  24       -1.3030097264
                  25       -1.3005020753
                  26       -1.3021020151
                  27       -1.3131189748
                  28       -1.3098775935
                  29       -1.2974367598
                  30       -1.3212286369
                  31       -1.3138676875
                  32       -1.3100370870
                  33       -1.3124389773
                  34       -1.3193933717
                  35       -1.3252524112
                  36       -1.3204093129
                  37       -1.3172358300
                  38       -1.3251568647
                  39       -1.3102140851
                  40       -1.3038986092
                  41       -1.3267327022
                  42       -1.2970133421
                  43       -1.3292183825
                  44       -1.3113524221
                  45       -1.3141825000
                  46       -1.3173739415
                  47       -1.3199712847
                  48       -1.3055005036
                  49       -1.3175806357
