                  20             2.50000             0.12500
                   0        0.0000000000
                   1        0.1250000000
                   2        0.2500000000
                   3        0.3750000000
                   4        0.5000000000
                   5        0.6250000000
                   6        0.7500000000
                   7        0.8750000000
                   8        1.0000000000
                   9        1.1250000000
                  10        1.2500000000
                  11        1.3750000000
                  12        1.5000000000
                  13        1.6250000000
                  14        1.7500000000
                  15        1.8750000000
                  16        2.0000000000
                  17        2.1250000000
                  18        2.2500000000
                  19        2.3750000000
